<?xml version="1.0" encoding="UTF-8"?>
<testng-results skipped="0" failed="0" ignored="0" total="2" passed="2">
  <reporter-output>
  </reporter-output>
  <suite name="Default suite" duration-ms="19622" started-at="2020-06-24T11:16:21 ICT" finished-at="2020-06-24T11:16:41 ICT">
    <groups>
      <group name="dk_poly">
        <method signature="TestMenuDangKyHoc.Check3()[pri:5, instance:com.ngocpm.TestMenuDangKyHoc@27d415d9]" name="Check3" class="com.ngocpm.TestMenuDangKyHoc"/>
      </group> <!-- dk_poly -->
    </groups>
    <test name="Default test" duration-ms="19622" started-at="2020-06-24T11:16:21 ICT" finished-at="2020-06-24T11:16:41 ICT">
      <class name="com.ngocpm.TestMenuDangKyHoc">
        <test-method status="PASS" signature="openChrome()[pri:0, instance:com.ngocpm.TestMenuDangKyHoc@27d415d9]" name="openChrome" is-config="true" duration-ms="7260" started-at="2020-06-24T11:16:21 ICT" finished-at="2020-06-24T11:16:28 ICT">
          <reporter-output>
          </reporter-output>
        </test-method> <!-- openChrome -->
        <test-method status="PASS" signature="testFacebookLogin()[pri:0, instance:com.ngocpm.TestMenuDangKyHoc@27d415d9]" name="testFacebookLogin" duration-ms="6192" started-at="2020-06-24T11:16:28 ICT" finished-at="2020-06-24T11:16:34 ICT">
          <reporter-output>
          </reporter-output>
        </test-method> <!-- testFacebookLogin -->
        <test-method status="PASS" signature="Check3()[pri:5, instance:com.ngocpm.TestMenuDangKyHoc@27d415d9]" name="Check3" duration-ms="6137" started-at="2020-06-24T11:16:34 ICT" description="nhap" finished-at="2020-06-24T11:16:41 ICT">
          <reporter-output>
          </reporter-output>
        </test-method> <!-- Check3 -->
        <test-method status="PASS" signature="closeDriver()[pri:0, instance:com.ngocpm.TestMenuDangKyHoc@27d415d9]" name="closeDriver" is-config="true" duration-ms="1" started-at="2020-06-24T11:16:41 ICT" finished-at="2020-06-24T11:16:41 ICT">
          <reporter-output>
          </reporter-output>
        </test-method> <!-- closeDriver -->
      </class> <!-- com.ngocpm.TestMenuDangKyHoc -->
    </test> <!-- Default test -->
  </suite> <!-- Default suite -->
</testng-results>
