<?xml version="1.0" encoding="UTF-8"?>
<!-- Generated by org.testng.reporters.JUnitXMLReporter -->
<testsuite hostname="DESKTOP-RPK6PAD" ignored="0" name="Test" tests="14" failures="0" timestamp="2020-06-19T14:26:30 ICT" time="0.226" errors="0">
  <testcase name="@BeforeTest openChrome" time="0.042" classname="com.ngocpm.TestFooterColor">
    <failure type="java.lang.IllegalStateException" message="The driver executable does not exist: C:\Users\Admin\Desktop\chromedriver_win32 (2)\chromedriver.exe">
      <![CDATA[java.lang.IllegalStateException: The driver executable does not exist: C:\Users\Admin\Desktop\chromedriver_win32 (2)\chromedriver.exe
at com.google.common.base.Preconditions.checkState(Preconditions.java:585)
at org.openqa.selenium.remote.service.DriverService.checkExecutable(DriverService.java:137)
at org.openqa.selenium.remote.service.DriverService.findExecutable(DriverService.java:132)
at org.openqa.selenium.chrome.ChromeDriverService.access$000(ChromeDriverService.java:35)
at org.openqa.selenium.chrome.ChromeDriverService$Builder.findDefaultExecutable(ChromeDriverService.java:156)
at org.openqa.selenium.remote.service.DriverService$Builder.build(DriverService.java:346)
at org.openqa.selenium.chrome.ChromeDriverService.createDefaultService(ChromeDriverService.java:91)
at org.openqa.selenium.chrome.ChromeDriver.<init>(ChromeDriver.java:123)
at com.ngocpm.TestFooterColor.openChrome(TestFooterColor.java:20)
... Removed 24 stack frames]]>
    </failure>
  </testcase> <!-- @BeforeTest openChrome -->
  <testcase name="@BeforeTest openChrome" time="-1.592551590582E9" classname="com.ngocpm.TestFooterbackbroud">
    <skipped/>
  </testcase> <!-- @BeforeTest openChrome -->
  <testcase name="@BeforeTest openChrome" time="-1.592551590583E9" classname="com.ngocpm.TestFormDKTT">
    <skipped/>
  </testcase> <!-- @BeforeTest openChrome -->
  <testcase name="@BeforeTest openChrome" time="-1.592551590587E9" classname="com.ngocpm.TestFromHoTro">
    <skipped/>
  </testcase> <!-- @BeforeTest openChrome -->
  <testcase name="@BeforeTest openChrome" time="-1.592551590589E9" classname="com.ngocpm.TestHoverCNTT">
    <skipped/>
  </testcase> <!-- @BeforeTest openChrome -->
  <testcase name="@BeforeTest openChrome" time="-1.592551590591E9" classname="com.ngocpm.TestMenuDangKyHoc">
    <skipped/>
  </testcase> <!-- @BeforeTest openChrome -->
  <testcase name="@BeforeTest openChrome" time="-1.592551590603E9" classname="com.ngocpm.TestMenuHDSV">
    <skipped/>
  </testcase> <!-- @BeforeTest openChrome -->
  <testcase name="@BeforeTest openChrome" time="-1.592551590606E9" classname="com.ngocpm.TestMenuTuyenSinh">
    <skipped/>
  </testcase> <!-- @BeforeTest openChrome -->
  <testcase name="@BeforeTest openChrome" time="-1.592551590608E9" classname="com.ngocpm.TestSearch">
    <skipped/>
  </testcase> <!-- @BeforeTest openChrome -->
  <testcase name="@BeforeTest openChrome" time="-1.59255159061E9" classname="com.ngocpm.TestTittle">
    <skipped/>
  </testcase> <!-- @BeforeTest openChrome -->
  <testcase name="@AfterTest closeDriver" time="-1.592551590725E9" classname="com.ngocpm.TestFooterColor">
    <skipped/>
  </testcase> <!-- @AfterTest closeDriver -->
  <testcase name="@AfterTest closeDriver" time="-1.592551590729E9" classname="com.ngocpm.TestFooterbackbroud">
    <skipped/>
  </testcase> <!-- @AfterTest closeDriver -->
  <testcase name="@AfterTest closeDriver" time="-1.592551590731E9" classname="com.ngocpm.TestFormDKTT">
    <skipped/>
  </testcase> <!-- @AfterTest closeDriver -->
  <testcase name="@AfterTest closeDriver" time="-1.592551590733E9" classname="com.ngocpm.TestFromHoTro">
    <skipped/>
  </testcase> <!-- @AfterTest closeDriver -->
  <testcase name="@AfterTest closeDriver" time="-1.592551590734E9" classname="com.ngocpm.TestHoverCNTT">
    <skipped/>
  </testcase> <!-- @AfterTest closeDriver -->
  <testcase name="@AfterTest closeDriver" time="-1.592551590735E9" classname="com.ngocpm.TestMenuDangKyHoc">
    <skipped/>
  </testcase> <!-- @AfterTest closeDriver -->
  <testcase name="@AfterTest closeDriver" time="-1.592551590737E9" classname="com.ngocpm.TestMenuHDSV">
    <skipped/>
  </testcase> <!-- @AfterTest closeDriver -->
  <testcase name="@AfterTest closeDriver" time="-1.59255159074E9" classname="com.ngocpm.TestMenuTuyenSinh">
    <skipped/>
  </testcase> <!-- @AfterTest closeDriver -->
  <testcase name="@AfterTest closeDriver" time="-1.592551590746E9" classname="com.ngocpm.TestSearch">
    <skipped/>
  </testcase> <!-- @AfterTest closeDriver -->
  <testcase name="@AfterTest closeDriver" time="-1.592551590748E9" classname="com.ngocpm.TestTittle">
    <skipped/>
  </testcase> <!-- @AfterTest closeDriver -->
  <testcase name="testFacebookLogin" time="0.0" classname="com.ngocpm.TestFromHoTro">
    <skipped/>
  </testcase> <!-- testFacebookLogin -->
  <testcase name="testFacebookLogin" time="0.0" classname="com.ngocpm.TestMenuHDSV">
    <skipped/>
  </testcase> <!-- testFacebookLogin -->
  <testcase name="testTittle1" time="0.0" classname="com.ngocpm.TestTittle">
    <skipped/>
  </testcase> <!-- testTittle1 -->
  <testcase name="testTittle2" time="0.0" classname="com.ngocpm.TestTittle">
    <skipped/>
  </testcase> <!-- testTittle2 -->
  <testcase name="testTittle3" time="0.0" classname="com.ngocpm.TestTittle">
    <skipped/>
  </testcase> <!-- testTittle3 -->
  <testcase name="testFacebookLogin" time="0.0" classname="com.ngocpm.TestFormDKTT">
    <skipped/>
  </testcase> <!-- testFacebookLogin -->
  <testcase name="testFacebookLogin" time="0.0" classname="com.ngocpm.TestMenuDangKyHoc">
    <skipped/>
  </testcase> <!-- testFacebookLogin -->
  <testcase name="testFooterbackbroud1" time="0.0" classname="com.ngocpm.TestFooterbackbroud">
    <skipped/>
  </testcase> <!-- testFooterbackbroud1 -->
  <testcase name="testFooterbackbroud2" time="0.0" classname="com.ngocpm.TestFooterbackbroud">
    <skipped/>
  </testcase> <!-- testFooterbackbroud2 -->
  <testcase name="testFacebookLogin" time="0.0" classname="com.ngocpm.TestSearch">
    <skipped/>
  </testcase> <!-- testFacebookLogin -->
  <testcase name="testFacebookLogin" time="0.0" classname="com.ngocpm.TestMenuTuyenSinh">
    <skipped/>
  </testcase> <!-- testFacebookLogin -->
  <testcase name="testFooterColor1" time="0.0" classname="com.ngocpm.TestFooterColor">
    <skipped/>
  </testcase> <!-- testFooterColor1 -->
  <testcase name="testFooterColor2" time="0.0" classname="com.ngocpm.TestFooterColor">
    <skipped/>
  </testcase> <!-- testFooterColor2 -->
  <testcase name="testFacebookLogin" time="0.0" classname="com.ngocpm.TestHoverCNTT">
    <skipped/>
  </testcase> <!-- testFacebookLogin -->
</testsuite> <!-- Test -->
